Release 14.7 - xst P.20131013 (nt64)
Copyright (c) 1995-2013 Xilinx, Inc.  All rights reserved.
--> Parameter TMPDIR set to xst/projnav.tmp


Total REAL time to Xst completion: 0.00 secs
Total CPU time to Xst completion: 0.08 secs
 
--> Parameter xsthdpdir set to xst


Total REAL time to Xst completion: 0.00 secs
Total CPU time to Xst completion: 0.08 secs
 
--> Reading design: Neuron.prj

TABLE OF CONTENTS
  1) Synthesis Options Summary
  2) HDL Parsing
  3) HDL Elaboration
  4) HDL Synthesis
       4.1) HDL Synthesis Report
  5) Advanced HDL Synthesis
       5.1) Advanced HDL Synthesis Report
  6) Low Level Synthesis
  7) Partition Report
  8) Design Summary
       8.1) Primitive and Black Box Usage
       8.2) Device utilization summary
       8.3) Partition Resource Summary
       8.4) Timing Report
            8.4.1) Clock Information
            8.4.2) Asynchronous Control Signals Information
            8.4.3) Timing Summary
            8.4.4) Timing Details
            8.4.5) Cross Clock Domains Report


=========================================================================
*                      Synthesis Options Summary                        *
=========================================================================
---- Source Parameters
Input File Name                    : "Neuron.prj"
Ignore Synthesis Constraint File   : NO

---- Target Parameters
Output File Name                   : "Neuron"
Output Format                      : NGC
Target Device                      : xa7a100t-2I-csg324

---- Source Options
Top Module Name                    : Neuron
Automatic FSM Extraction           : YES
FSM Encoding Algorithm             : Auto
Safe Implementation                : No
FSM Style                          : LUT
RAM Extraction                     : Yes
RAM Style                          : Auto
ROM Extraction                     : Yes
Shift Register Extraction          : YES
ROM Style                          : Auto
Resource Sharing                   : YES
Asynchronous To Synchronous        : NO
Shift Register Minimum Size        : 2
Use DSP Block                      : Auto
Automatic Register Balancing       : No

---- Target Options
LUT Combining                      : Auto
Reduce Control Sets                : Auto
Add IO Buffers                     : YES
Global Maximum Fanout              : 100000
Add Generic Clock Buffer(BUFG)     : 32
Register Duplication               : YES
Optimize Instantiated Primitives   : NO
Use Clock Enable                   : Auto
Use Synchronous Set                : Auto
Use Synchronous Reset              : Auto
Pack IO Registers into IOBs        : Auto
Equivalent register Removal        : YES

---- General Options
Optimization Goal                  : Speed
Optimization Effort                : 1
Power Reduction                    : NO
Keep Hierarchy                     : No
Netlist Hierarchy                  : As_Optimized
RTL Output                         : Yes
Global Optimization                : AllClockNets
Read Cores                         : YES
Write Timing Constraints           : NO
Cross Clock Analysis               : NO
Hierarchy Separator                : /
Bus Delimiter                      : <>
Case Specifier                     : Maintain
Slice Utilization Ratio            : 100
BRAM Utilization Ratio             : 100
DSP48 Utilization Ratio            : 100
Auto BRAM Packing                  : NO
Slice Utilization Ratio Delta      : 5

---- Other Options
Cores Search Directories           : {"ipcore_dir"  }

=========================================================================


=========================================================================
*                          HDL Parsing                                  *
=========================================================================
Analyzing Verilog file "F:\amin\CAD99_810197464_810197640_PRJ1\CAD99_810197464_810197640_PRJ1\RegisterM.v" into library work
Parsing module <Register21>.
Analyzing Verilog file "F:\amin\CAD99_810197464_810197640_PRJ1\CAD99_810197464_810197640_PRJ1\Register8.v" into library work
Parsing module <Register8>.
Analyzing Verilog file "F:\amin\CAD99_810197464_810197640_PRJ1\CAD99_810197464_810197640_PRJ1\Multipler8_1.v" into library work
Parsing module <mux1_2>.
Parsing module <C1>.
Parsing module <multiplier2>.
Parsing module <multiplier4>.
Parsing module <UMultipler8_1>.
Parsing module <Multipler8_1>.
Analyzing Verilog file "F:\amin\CAD99_810197464_810197640_PRJ1\CAD99_810197464_810197640_PRJ1\Adder16.v" into library work
Parsing module <Adder16>.
Analyzing Verilog file "F:\amin\CAD99_810197464_810197640_PRJ1\CAD99_810197464_810197640_PRJ1\ActivationFunction.v" into library work
Parsing module <ActivationFunction>.
Analyzing Verilog file "F:\amin\CAD99_810197464_810197640_PRJ1\CAD99_810197464_810197640_PRJ1\datapath.v" into library work
Parsing module <datapath>.
Analyzing Verilog file "F:\amin\CAD99_810197464_810197640_PRJ1\CAD99_810197464_810197640_PRJ1\Controller.v" into library work
Parsing module <Controller>.
Analyzing Verilog file "F:\amin\CAD99_810197464_810197640_PRJ1\CAD99_810197464_810197640_PRJ1\Neuron.v" into library work
Parsing module <Neuron>.

=========================================================================
*                            HDL Elaboration                            *
=========================================================================

Elaborating module <Neuron>.

Elaborating module <datapath>.

Elaborating module <Register8>.

Elaborating module <Multipler8_1>.

Elaborating module <Adder16>.

Elaborating module <Register21>.

Elaborating module <ActivationFunction>.

Elaborating module <Controller(N=4)>.
WARNING:HDLCompiler:91 - "F:\amin\CAD99_810197464_810197640_PRJ1\CAD99_810197464_810197640_PRJ1\Controller.v" Line 53: Signal <counter> missing in the sensitivity list is added for synthesis purposes. HDL and post-synthesis simulations may differ as a result.

=========================================================================
*                           HDL Synthesis                               *
=========================================================================

Synthesizing Unit <Neuron>.
    Related source file is "F:\amin\CAD99_810197464_810197640_PRJ1\CAD99_810197464_810197640_PRJ1\Neuron.v".
        N = 4
    Summary:
	no macro.
Unit <Neuron> synthesized.

Synthesizing Unit <datapath>.
    Related source file is "F:\amin\CAD99_810197464_810197640_PRJ1\CAD99_810197464_810197640_PRJ1\datapath.v".
    Summary:
	no macro.
Unit <datapath> synthesized.

Synthesizing Unit <Register8>.
    Related source file is "F:\amin\CAD99_810197464_810197640_PRJ1\CAD99_810197464_810197640_PRJ1\Register8.v".
    Found 8-bit register for signal <out>.
    Summary:
	inferred   8 D-type flip-flop(s).
Unit <Register8> synthesized.

Synthesizing Unit <Multipler8_1>.
    Related source file is "F:\amin\CAD99_810197464_810197640_PRJ1\CAD99_810197464_810197640_PRJ1\Multipler8_1.v".
    Found 7x7-bit multiplier for signal <mult_out> created at line 110.
    Found 1-bit comparator not equal for signal <A[7]_B[7]_equal_2_o> created at line 112
    Summary:
	inferred   1 Multiplier(s).
	inferred   1 Comparator(s).
Unit <Multipler8_1> synthesized.

Synthesizing Unit <Adder16>.
    Related source file is "F:\amin\CAD99_810197464_810197640_PRJ1\CAD99_810197464_810197640_PRJ1\Adder16.v".
    Found 20-bit subtractor for signal <a[19]_b[19]_sub_4_OUT> created at line 29.
    Found 20-bit subtractor for signal <b[19]_a[19]_sub_5_OUT> created at line 33.
    Found 20-bit adder for signal <a[19]_b[19]_add_1_OUT> created at line 24.
    Found 1-bit comparator equal for signal <a[20]_b[20]_equal_1_o> created at line 23
    Found 20-bit comparator greater for signal <b[19]_a[19]_LessThan_3_o> created at line 28
    Summary:
	inferred   3 Adder/Subtractor(s).
	inferred   2 Comparator(s).
	inferred   2 Multiplexer(s).
Unit <Adder16> synthesized.

Synthesizing Unit <Register21>.
    Related source file is "F:\amin\CAD99_810197464_810197640_PRJ1\CAD99_810197464_810197640_PRJ1\RegisterM.v".
    Found 21-bit register for signal <out>.
    Summary:
	inferred  21 D-type flip-flop(s).
Unit <Register21> synthesized.

Synthesizing Unit <ActivationFunction>.
    Related source file is "F:\amin\CAD99_810197464_810197640_PRJ1\CAD99_810197464_810197640_PRJ1\ActivationFunction.v".
WARNING:Xst:737 - Found 1-bit latch for signal <out<6>>. Latches may be generated from incomplete case or if statements. We do not recommend the use of latches in FPGA/CPLD designs, as they may lead to timing problems.
WARNING:Xst:737 - Found 1-bit latch for signal <out<5>>. Latches may be generated from incomplete case or if statements. We do not recommend the use of latches in FPGA/CPLD designs, as they may lead to timing problems.
WARNING:Xst:737 - Found 1-bit latch for signal <out<4>>. Latches may be generated from incomplete case or if statements. We do not recommend the use of latches in FPGA/CPLD designs, as they may lead to timing problems.
WARNING:Xst:737 - Found 1-bit latch for signal <out<3>>. Latches may be generated from incomplete case or if statements. We do not recommend the use of latches in FPGA/CPLD designs, as they may lead to timing problems.
WARNING:Xst:737 - Found 1-bit latch for signal <out<2>>. Latches may be generated from incomplete case or if statements. We do not recommend the use of latches in FPGA/CPLD designs, as they may lead to timing problems.
WARNING:Xst:737 - Found 1-bit latch for signal <out<1>>. Latches may be generated from incomplete case or if statements. We do not recommend the use of latches in FPGA/CPLD designs, as they may lead to timing problems.
WARNING:Xst:737 - Found 1-bit latch for signal <out<0>>. Latches may be generated from incomplete case or if statements. We do not recommend the use of latches in FPGA/CPLD designs, as they may lead to timing problems.
WARNING:Xst:737 - Found 1-bit latch for signal <out<7>>. Latches may be generated from incomplete case or if statements. We do not recommend the use of latches in FPGA/CPLD designs, as they may lead to timing problems.
    Summary:
	inferred   8 Latch(s).
Unit <ActivationFunction> synthesized.

Synthesizing Unit <Controller>.
    Related source file is "F:\amin\CAD99_810197464_810197640_PRJ1\CAD99_810197464_810197640_PRJ1\Controller.v".
        N = 4
    Found 2-bit register for signal <present_state>.
    Found 8-bit register for signal <counter>.
    Found finite state machine <FSM_0> for signal <present_state>.
    -----------------------------------------------------------------------
    | States             | 4                                              |
    | Transitions        | 6                                              |
    | Inputs             | 2                                              |
    | Outputs            | 4                                              |
    | Clock              | clk (rising_edge)                              |
    | Reset              | rst (positive)                                 |
    | Reset type         | asynchronous                                   |
    | Reset State        | 00                                             |
    | Encoding           | auto                                           |
    | Implementation     | LUT                                            |
    -----------------------------------------------------------------------
    Found 8-bit subtractor for signal <counter[7]_GND_17_o_sub_3_OUT> created at line 28.
    Summary:
	inferred   1 Adder/Subtractor(s).
	inferred   8 D-type flip-flop(s).
	inferred   1 Finite State Machine(s).
Unit <Controller> synthesized.

=========================================================================
HDL Synthesis Report

Macro Statistics
# Multipliers                                          : 1
 7x7-bit multiplier                                    : 1
# Adders/Subtractors                                   : 4
 20-bit adder                                          : 1
 20-bit subtractor                                     : 2
 8-bit subtractor                                      : 1
# Registers                                            : 4
 21-bit register                                       : 1
 8-bit register                                        : 3
# Latches                                              : 8
 1-bit latch                                           : 8
# Comparators                                          : 3
 1-bit comparator equal                                : 1
 1-bit comparator not equal                            : 1
 20-bit comparator greater                             : 1
# Multiplexers                                         : 2
 21-bit 2-to-1 multiplexer                             : 2
# FSMs                                                 : 1

=========================================================================

=========================================================================
*                       Advanced HDL Synthesis                          *
=========================================================================

WARNING:Xst - The specified part-type was not generated at build time. XST is loading the full part-type and will therefore consume more CPU and memory.
Loading device for application Rf_Device from file '7a100t.nph' in environment F:\xlnx\14.7\ISE_DS\ISE\.
Loading device for application Rf_Device from file '7a100t.nph' in environment F:\xlnx\14.7\ISE_DS\ISE\.

Synthesizing (advanced) Unit <Controller>.
The following registers are absorbed into counter <counter>: 1 register on signal <counter>.
Unit <Controller> synthesized (advanced).

=========================================================================
Advanced HDL Synthesis Report

Macro Statistics
# Multipliers                                          : 1
 7x7-bit multiplier                                    : 1
# Adders/Subtractors                                   : 3
 20-bit adder                                          : 1
 20-bit subtractor                                     : 2
# Counters                                             : 1
 8-bit down counter                                    : 1
# Registers                                            : 37
 Flip-Flops                                            : 37
# Comparators                                          : 3
 1-bit comparator equal                                : 1
 1-bit comparator not equal                            : 1
 20-bit comparator greater                             : 1
# Multiplexers                                         : 2
 21-bit 2-to-1 multiplexer                             : 2
# FSMs                                                 : 1

=========================================================================

=========================================================================
*                         Low Level Synthesis                           *
=========================================================================
Analyzing FSM <MFsm> for best encoding.
Optimizing FSM <FSM_0> on signal <present_state[1:4]> with one-hot encoding.
-------------------
 State | Encoding
-------------------
 00    | 0001
 01    | 0010
 10    | 0100
 11    | 1000
-------------------

Optimizing unit <Register8> ...

Optimizing unit <Register21> ...

Optimizing unit <ActivationFunction> ...

Optimizing unit <Neuron> ...

Mapping all equations...
Building and optimizing final netlist ...
Found area constraint ratio of 100 (+ 5) on block Neuron, actual ratio is 0.

Final Macro Processing ...

=========================================================================
Final Register Report

Macro Statistics
# Registers                                            : 35
 Flip-Flops                                            : 35

=========================================================================

=========================================================================
*                           Partition Report                            *
=========================================================================

Partition Implementation Status
-------------------------------

  No Partitions were found in this design.

-------------------------------

=========================================================================
*                            Design Summary                             *
=========================================================================

Top Level Output File Name         : Neuron.ngc

Primitive and Black Box Usage:
------------------------------
# BELS                             : 256
#      GND                         : 1
#      INV                         : 7
#      LUT1                        : 1
#      LUT2                        : 44
#      LUT3                        : 22
#      LUT4                        : 16
#      LUT5                        : 2
#      LUT6                        : 21
#      MUXCY                       : 73
#      VCC                         : 1
#      XORCY                       : 68
# FlipFlops/Latches                : 43
#      FDC                         : 3
#      FDCE                        : 21
#      FDP                         : 1
#      FDRE                        : 9
#      FDSE                        : 1
#      LDC_1                       : 8
# Clock Buffers                    : 1
#      BUFGP                       : 1
# IO Buffers                       : 27
#      IBUF                        : 18
#      OBUF                        : 9
# DSPs                             : 1
#      DSP48E1                     : 1

Device utilization summary:
---------------------------

Selected Device : xa7a100tcsg324-2i 


Slice Logic Utilization: 
 Number of Slice Registers:              35  out of  126800     0%  
 Number of Slice LUTs:                  113  out of  63400     0%  
    Number used as Logic:               113  out of  63400     0%  

Slice Logic Distribution: 
 Number of LUT Flip Flop pairs used:    117
   Number with an unused Flip Flop:      82  out of    117    70%  
   Number with an unused LUT:             4  out of    117     3%  
   Number of fully used LUT-FF pairs:    31  out of    117    26%  
   Number of unique control sets:         5

IO Utilization: 
 Number of IOs:                          28
 Number of bonded IOBs:                  28  out of    210    13%  
    IOB Flip Flops/Latches:               8

Specific Feature Utilization:
 Number of BUFG/BUFGCTRLs:                1  out of     32     3%  
 Number of DSP48E1s:                      1  out of    240     0%  

---------------------------
Partition Resource Summary:
---------------------------

  No Partitions were found in this design.

---------------------------


=========================================================================
Timing Report

NOTE: THESE TIMING NUMBERS ARE ONLY A SYNTHESIS ESTIMATE.
      FOR ACCURATE TIMING INFORMATION PLEASE REFER TO THE TRACE REPORT
      GENERATED AFTER PLACE-and-ROUTE.

Clock Information:
------------------
-----------------------------------+--------------------------------------------+-------+
Clock Signal                       | Clock buffer(FF name)                      | Load  |
-----------------------------------+--------------------------------------------+-------+
clk                                | BUFGP                                      | 36    |
datapath_0/Register21_0/out_20     | NONE(datapath_0/ActivationFunction_0/out_7)| 8     |
-----------------------------------+--------------------------------------------+-------+
INFO:Xst:2169 - HDL ADVISOR - Some clock signals were not automatically buffered by XST with BUFG/BUFR resources. Please use the buffer_type constraint in order to insert these buffers to the clock signals to help prevent skew problems.

Asynchronous Control Signals Information:
----------------------------------------
No asynchronous control signals found in this design

Timing Summary:
---------------
Speed Grade: -2

   Minimum period: 5.708ns (Maximum Frequency: 175.185MHz)
   Minimum input arrival time before clock: 0.927ns
   Maximum output required time after clock: 0.814ns
   Maximum combinational path delay: No path found

Timing Details:
---------------
All values displayed in nanoseconds (ns)

=========================================================================
Timing constraint: Default period analysis for Clock 'clk'
  Clock period: 5.708ns (frequency: 175.185MHz)
  Total number of paths / destination ports: 3666 / 74
-------------------------------------------------------------------------
Delay:               5.708ns (Levels of Logic = 22)
  Source:            datapath_0/Multipler8_1_0/Mmult_mult_out (DSP)
  Destination:       datapath_0/Register21_0/out_19 (FF)
  Source Clock:      clk rising
  Destination Clock: clk rising

  Data Path: datapath_0/Multipler8_1_0/Mmult_mult_out to datapath_0/Register21_0/out_19
                                Gate     Net
    Cell:in->out      fanout   Delay   Delay  Logical Name (Net Name)
    ----------------------------------------  ------------
     DSP48E1:CLK->P0       5   3.375   0.378  datapath_0/Multipler8_1_0/Mmult_mult_out (datapath_0/mult_out<0>)
     LUT2:I1->O            1   0.097   0.000  datapath_0/Adder16_0/Msub_b[19]_a[19]_sub_5_OUT_lut<0> (datapath_0/Adder16_0/Msub_b[19]_a[19]_sub_5_OUT_lut<0>)
     MUXCY:S->O            1   0.353   0.000  datapath_0/Adder16_0/Msub_b[19]_a[19]_sub_5_OUT_cy<0> (datapath_0/Adder16_0/Msub_b[19]_a[19]_sub_5_OUT_cy<0>)
     MUXCY:CI->O           1   0.023   0.000  datapath_0/Adder16_0/Msub_b[19]_a[19]_sub_5_OUT_cy<1> (datapath_0/Adder16_0/Msub_b[19]_a[19]_sub_5_OUT_cy<1>)
     MUXCY:CI->O           1   0.023   0.000  datapath_0/Adder16_0/Msub_b[19]_a[19]_sub_5_OUT_cy<2> (datapath_0/Adder16_0/Msub_b[19]_a[19]_sub_5_OUT_cy<2>)
     MUXCY:CI->O           1   0.023   0.000  datapath_0/Adder16_0/Msub_b[19]_a[19]_sub_5_OUT_cy<3> (datapath_0/Adder16_0/Msub_b[19]_a[19]_sub_5_OUT_cy<3>)
     MUXCY:CI->O           1   0.023   0.000  datapath_0/Adder16_0/Msub_b[19]_a[19]_sub_5_OUT_cy<4> (datapath_0/Adder16_0/Msub_b[19]_a[19]_sub_5_OUT_cy<4>)
     MUXCY:CI->O           1   0.023   0.000  datapath_0/Adder16_0/Msub_b[19]_a[19]_sub_5_OUT_cy<5> (datapath_0/Adder16_0/Msub_b[19]_a[19]_sub_5_OUT_cy<5>)
     MUXCY:CI->O           1   0.023   0.000  datapath_0/Adder16_0/Msub_b[19]_a[19]_sub_5_OUT_cy<6> (datapath_0/Adder16_0/Msub_b[19]_a[19]_sub_5_OUT_cy<6>)
     MUXCY:CI->O           1   0.023   0.000  datapath_0/Adder16_0/Msub_b[19]_a[19]_sub_5_OUT_cy<7> (datapath_0/Adder16_0/Msub_b[19]_a[19]_sub_5_OUT_cy<7>)
     MUXCY:CI->O           1   0.023   0.000  datapath_0/Adder16_0/Msub_b[19]_a[19]_sub_5_OUT_cy<8> (datapath_0/Adder16_0/Msub_b[19]_a[19]_sub_5_OUT_cy<8>)
     MUXCY:CI->O           1   0.023   0.000  datapath_0/Adder16_0/Msub_b[19]_a[19]_sub_5_OUT_cy<9> (datapath_0/Adder16_0/Msub_b[19]_a[19]_sub_5_OUT_cy<9>)
     MUXCY:CI->O           1   0.023   0.000  datapath_0/Adder16_0/Msub_b[19]_a[19]_sub_5_OUT_cy<10> (datapath_0/Adder16_0/Msub_b[19]_a[19]_sub_5_OUT_cy<10>)
     MUXCY:CI->O           1   0.023   0.000  datapath_0/Adder16_0/Msub_b[19]_a[19]_sub_5_OUT_cy<11> (datapath_0/Adder16_0/Msub_b[19]_a[19]_sub_5_OUT_cy<11>)
     MUXCY:CI->O           1   0.023   0.000  datapath_0/Adder16_0/Msub_b[19]_a[19]_sub_5_OUT_cy<12> (datapath_0/Adder16_0/Msub_b[19]_a[19]_sub_5_OUT_cy<12>)
     MUXCY:CI->O           1   0.023   0.000  datapath_0/Adder16_0/Msub_b[19]_a[19]_sub_5_OUT_cy<13> (datapath_0/Adder16_0/Msub_b[19]_a[19]_sub_5_OUT_cy<13>)
     MUXCY:CI->O           1   0.023   0.000  datapath_0/Adder16_0/Msub_b[19]_a[19]_sub_5_OUT_cy<14> (datapath_0/Adder16_0/Msub_b[19]_a[19]_sub_5_OUT_cy<14>)
     MUXCY:CI->O           1   0.023   0.000  datapath_0/Adder16_0/Msub_b[19]_a[19]_sub_5_OUT_cy<15> (datapath_0/Adder16_0/Msub_b[19]_a[19]_sub_5_OUT_cy<15>)
     MUXCY:CI->O           1   0.023   0.000  datapath_0/Adder16_0/Msub_b[19]_a[19]_sub_5_OUT_cy<16> (datapath_0/Adder16_0/Msub_b[19]_a[19]_sub_5_OUT_cy<16>)
     MUXCY:CI->O           1   0.023   0.000  datapath_0/Adder16_0/Msub_b[19]_a[19]_sub_5_OUT_cy<17> (datapath_0/Adder16_0/Msub_b[19]_a[19]_sub_5_OUT_cy<17>)
     MUXCY:CI->O           0   0.023   0.000  datapath_0/Adder16_0/Msub_b[19]_a[19]_sub_5_OUT_cy<18> (datapath_0/Adder16_0/Msub_b[19]_a[19]_sub_5_OUT_cy<18>)
     XORCY:CI->O           1   0.370   0.616  datapath_0/Adder16_0/Msub_b[19]_a[19]_sub_5_OUT_xor<19> (datapath_0/Adder16_0/b[19]_a[19]_sub_5_OUT<19>)
     LUT6:I2->O            1   0.097   0.000  datapath_0/Adder16_0/Mmux_out111 (datapath_0/add_out<19>)
     FDCE:D                    0.008          datapath_0/Register21_0/out_19
    ----------------------------------------
    Total                      5.708ns (4.714ns logic, 0.994ns route)
                                       (82.6% logic, 17.4% route)

=========================================================================
Timing constraint: Default OFFSET IN BEFORE for Clock 'clk'
  Total number of paths / destination ports: 47 / 47
-------------------------------------------------------------------------
Offset:              0.927ns (Levels of Logic = 1)
  Source:            rst (PAD)
  Destination:       datapath_0/Multipler8_1_0/Mmult_mult_out (DSP)
  Destination Clock: clk rising

  Data Path: rst to datapath_0/Multipler8_1_0/Mmult_mult_out
                                Gate     Net
    Cell:in->out      fanout   Delay   Delay  Logical Name (Net Name)
    ----------------------------------------  ------------
     IBUF:I->O            29   0.001   0.468  rst_IBUF (rst_IBUF)
     DSP48E1:RSTB              0.458          datapath_0/Multipler8_1_0/Mmult_mult_out
    ----------------------------------------
    Total                      0.927ns (0.459ns logic, 0.468ns route)
                                       (49.5% logic, 50.5% route)

=========================================================================
Timing constraint: Default OFFSET OUT AFTER for Clock 'datapath_0/Register21_0/out_20'
  Total number of paths / destination ports: 8 / 8
-------------------------------------------------------------------------
Offset:              0.814ns (Levels of Logic = 1)
  Source:            datapath_0/ActivationFunction_0/out_7 (LATCH)
  Destination:       out<7> (PAD)
  Source Clock:      datapath_0/Register21_0/out_20 rising

  Data Path: datapath_0/ActivationFunction_0/out_7 to out<7>
                                Gate     Net
    Cell:in->out      fanout   Delay   Delay  Logical Name (Net Name)
    ----------------------------------------  ------------
     LDC_1:G->Q            1   0.475   0.339  datapath_0/ActivationFunction_0/out_7 (datapath_0/ActivationFunction_0/out_7)
     OBUF:I->O                 0.000          out_7_OBUF (out<7>)
    ----------------------------------------
    Total                      0.814ns (0.475ns logic, 0.339ns route)
                                       (58.3% logic, 41.7% route)

=========================================================================
Timing constraint: Default OFFSET OUT AFTER for Clock 'clk'
  Total number of paths / destination ports: 1 / 1
-------------------------------------------------------------------------
Offset:              0.705ns (Levels of Logic = 1)
  Source:            Controller_0/present_state_FSM_FFd1 (FF)
  Destination:       ready (PAD)
  Source Clock:      clk rising

  Data Path: Controller_0/present_state_FSM_FFd1 to ready
                                Gate     Net
    Cell:in->out      fanout   Delay   Delay  Logical Name (Net Name)
    ----------------------------------------  ------------
     FDC:C->Q              2   0.361   0.344  Controller_0/present_state_FSM_FFd1 (Controller_0/present_state_FSM_FFd1)
     OBUF:I->O                 0.000          ready_OBUF (ready)
    ----------------------------------------
    Total                      0.705ns (0.361ns logic, 0.344ns route)
                                       (51.2% logic, 48.8% route)

=========================================================================

Cross Clock Domains Report:
--------------------------

Clock to Setup on destination clock clk
---------------+---------+---------+---------+---------+
               | Src:Rise| Src:Fall| Src:Rise| Src:Fall|
Source Clock   |Dest:Rise|Dest:Rise|Dest:Fall|Dest:Fall|
---------------+---------+---------+---------+---------+
clk            |    5.708|         |         |         |
---------------+---------+---------+---------+---------+

Clock to Setup on destination clock datapath_0/Register21_0/out_20
---------------+---------+---------+---------+---------+
               | Src:Rise| Src:Fall| Src:Rise| Src:Fall|
Source Clock   |Dest:Rise|Dest:Rise|Dest:Fall|Dest:Fall|
---------------+---------+---------+---------+---------+
clk            |    1.180|         |         |         |
---------------+---------+---------+---------+---------+

=========================================================================


Total REAL time to Xst completion: 38.00 secs
Total CPU time to Xst completion: 37.59 secs
 
--> 

Total memory usage is 756884 kilobytes

Number of errors   :    0 (   0 filtered)
Number of warnings :   10 (   0 filtered)
Number of infos    :    1 (   0 filtered)

