Release 14.7 Map P.20131013 (nt64)
Xilinx Mapping Report File for Design 'NN'

Design Information
------------------
Command Line   : map -intstyle ise -p xc6vcx75t-ff484-2 -w -logic_opt off -ol
high -t 1 -xt 0 -register_duplication off -r 4 -global_opt off -mt off -ir off
-pr off -lc off -power off -o NN_map.ncd NN.ngd NN.pcf 
Target Device  : xc6vcx75t
Target Package : ff484
Target Speed   : -2
Mapper Version : virtex6 -- $Revision: 1.55 $
Mapped Date    : Sun Jan 17 01:01:25 2021

Design Summary
--------------
Number of errors:      0
Number of warnings:    1
Slice Logic Utilization:
  Number of Slice Registers:                   872 out of  93,120    1%
    Number used as Flip Flops:                 580
    Number used as Latches:                    292
    Number used as Latch-thrus:                  0
    Number used as AND/OR logics:                0
  Number of Slice LUTs:                      3,066 out of  46,560    6%
    Number used as logic:                    2,719 out of  46,560    5%
      Number using O6 output only:           1,455
      Number using O5 output only:             725
      Number using O5 and O6:                  539
      Number used as ROM:                        0
    Number used as Memory:                     256 out of  16,720    1%
      Number used as Dual Port RAM:            256
        Number using O6 output only:           256
        Number using O5 output only:             0
        Number using O5 and O6:                  0
      Number used as Single Port RAM:            0
      Number used as Shift Register:             0
    Number used exclusively as route-thrus:     91
      Number with same-slice register load:      0
      Number with same-slice carry load:        91
      Number with other load:                    0

Slice Logic Distribution:
  Number of occupied Slices:                 1,025 out of  11,640    8%
  Number of LUT Flip Flop pairs used:        3,347
    Number with an unused Flip Flop:         2,485 out of   3,347   74%
    Number with an unused LUT:                 281 out of   3,347    8%
    Number of fully used LUT-FF pairs:         581 out of   3,347   17%
    Number of unique control sets:              48
    Number of slice register sites lost
      to control set restrictions:             144 out of  93,120    1%

  A LUT Flip Flop pair for this architecture represents one LUT paired with
  one Flip Flop within a slice.  A control set is a unique combination of
  clock, reset, set, and enable signals for a registered element.
  The Slice Logic Distribution report is not meaningful if the design is
  over-mapped for a non-slice resource or if Placement fails.
  OVERMAPPING of BRAM resources should be ignored if the design is
  over-mapped for a non-BRAM resource or if placement fails.

IO Utilization:
  Number of bonded IOBs:                        28 out of     240   11%

Specific Feature Utilization:
  Number of RAMB36E1/FIFO36E1s:                  0 out of     156    0%
  Number of RAMB18E1/FIFO18E1s:                  0 out of     312    0%
  Number of BUFG/BUFGCTRLs:                      2 out of      32    6%
    Number used as BUFGs:                        2
    Number used as BUFGCTRLs:                    0
  Number of ILOGICE1/ISERDESE1s:                 0 out of     360    0%
  Number of OLOGICE1/OSERDESE1s:                 0 out of     360    0%
  Number of BSCANs:                              0 out of       4    0%
  Number of BUFHCEs:                             0 out of      72    0%
  Number of BUFIODQSs:                           0 out of      36    0%
  Number of BUFRs:                               0 out of      18    0%
  Number of CAPTUREs:                            0 out of       1    0%
  Number of DSP48E1s:                           11 out of     288    3%
  Number of EFUSE_USRs:                          0 out of       1    0%
  Number of FRAME_ECCs:                          0 out of       1    0%
  Number of GTXE1s:                              0 out of       8    0%
  Number of IBUFDS_GTXE1s:                       0 out of       6    0%
  Number of ICAPs:                               0 out of       2    0%
  Number of IDELAYCTRLs:                         0 out of       9    0%
  Number of IODELAYE1s:                          0 out of     360    0%
  Number of MMCM_ADVs:                           0 out of       6    0%
  Number of PCIE_2_0s:                           0 out of       1    0%
  Number of STARTUPs:                            1 out of       1  100%
  Number of SYSMONs:                             0 out of       1    0%
  Number of TEMAC_SINGLEs:                       0 out of       1    0%

Average Fanout of Non-Clock Nets:                3.35

Peak Memory Usage:  624 MB
Total REAL time to MAP completion:  1 mins 2 secs 
Total CPU time to MAP completion:   38 secs 

Table of Contents
-----------------
Section 1 - Errors
Section 2 - Warnings
Section 3 - Informational
Section 4 - Removed Logic Summary
Section 5 - Removed Logic
Section 6 - IOB Properties
Section 7 - RPMs
Section 8 - Guide Report
Section 9 - Area Group and Partition Summary
Section 10 - Timing Report
Section 11 - Configuration String Information
Section 12 - Control Set Information
Section 13 - Utilization by Hierarchy

Section 1 - Errors
------------------

Section 2 - Warnings
--------------------
WARNING:PhysDesignRules:372 - Gated clock. Clock net NNController_0/Mram__n01014
   is sourced by a combinatorial pin. This is not good design practice. Use the
   CE pin to control the loading of data into the flip-flop.

Section 3 - Informational
-------------------------
INFO:LIT:243 - Logical network i<31> has no load.
INFO:LIT:395 - The above info message is repeated 14 more times for the
   following (max. 5 shown):
   i<30>,
   i<29>,
   i<28>,
   i<27>,
   i<26>
   To see the details of these info messages, please use the -detail switch.
INFO:MapLib:562 - No environment variables are currently set.
INFO:LIT:244 - All of the single ended outputs in this design are using slew
   rate limited output drivers. The delay on speed critical single ended outputs
   can be dramatically reduced by designating them as fast outputs.
INFO:Pack:1716 - Initializing temperature to 85.000 Celsius. (default - Range:
   0.000 to 85.000 Celsius)
INFO:Pack:1720 - Initializing voltage to 0.950 Volts. (default - Range: 0.950 to
   1.050 Volts)
INFO:Map:215 - The Interim Design Summary has been generated in the MAP Report
   (.mrp).
INFO:Pack:1650 - Map created a placed design.

Section 4 - Removed Logic Summary
---------------------------------
   2 block(s) optimized away

Section 5 - Removed Logic
-------------------------

Optimized Block(s):
TYPE 		BLOCK
GND 		XST_GND
VCC 		XST_VCC

To enable printing of redundant blocks removed and signals merged, set the
detailed map report option and rerun map.

Section 6 - IOB Properties
--------------------------

+---------------------------------------------------------------------------------------------------------------------------------------------------------+
| IOB Name                           | Type             | Direction | IO Standard          | Diff  | Drive    | Slew | Reg (s)      | Resistor | IOB      |
|                                    |                  |           |                      | Term  | Strength | Rate |              |          | Delay    |
+---------------------------------------------------------------------------------------------------------------------------------------------------------+
| clk                                | IOB              | INPUT     | LVCMOS25             |       |          |      |              |          |          |
| i<0>                               | IOB              | INPUT     | LVCMOS25             |       |          |      |              |          |          |
| i<1>                               | IOB              | INPUT     | LVCMOS25             |       |          |      |              |          |          |
| i<2>                               | IOB              | INPUT     | LVCMOS25             |       |          |      |              |          |          |
| i<3>                               | IOB              | INPUT     | LVCMOS25             |       |          |      |              |          |          |
| i<4>                               | IOB              | INPUT     | LVCMOS25             |       |          |      |              |          |          |
| i<5>                               | IOB              | INPUT     | LVCMOS25             |       |          |      |              |          |          |
| i<6>                               | IOB              | INPUT     | LVCMOS25             |       |          |      |              |          |          |
| i<7>                               | IOB              | INPUT     | LVCMOS25             |       |          |      |              |          |          |
| i<8>                               | IOB              | INPUT     | LVCMOS25             |       |          |      |              |          |          |
| i<9>                               | IOB              | INPUT     | LVCMOS25             |       |          |      |              |          |          |
| i<10>                              | IOB              | INPUT     | LVCMOS25             |       |          |      |              |          |          |
| i<11>                              | IOB              | INPUT     | LVCMOS25             |       |          |      |              |          |          |
| i<12>                              | IOB              | INPUT     | LVCMOS25             |       |          |      |              |          |          |
| i<13>                              | IOB              | INPUT     | LVCMOS25             |       |          |      |              |          |          |
| i<14>                              | IOB              | INPUT     | LVCMOS25             |       |          |      |              |          |          |
| i<15>                              | IOB              | INPUT     | LVCMOS25             |       |          |      |              |          |          |
| i<16>                              | IOB              | INPUT     | LVCMOS25             |       |          |      |              |          |          |
| label<0>                           | IOB              | OUTPUT    | LVCMOS25             |       | 12       | SLOW |              |          |          |
| label<1>                           | IOB              | OUTPUT    | LVCMOS25             |       | 12       | SLOW |              |          |          |
| label<2>                           | IOB              | OUTPUT    | LVCMOS25             |       | 12       | SLOW |              |          |          |
| label<3>                           | IOB              | OUTPUT    | LVCMOS25             |       | 12       | SLOW |              |          |          |
| label<4>                           | IOB              | OUTPUT    | LVCMOS25             |       | 12       | SLOW |              |          |          |
| label<5>                           | IOB              | OUTPUT    | LVCMOS25             |       | 12       | SLOW |              |          |          |
| label<6>                           | IOB              | OUTPUT    | LVCMOS25             |       | 12       | SLOW |              |          |          |
| label<7>                           | IOB              | OUTPUT    | LVCMOS25             |       | 12       | SLOW |              |          |          |
| rst                                | IOB              | INPUT     | LVCMOS25             |       |          |      |              |          |          |
| start                              | IOB              | INPUT     | LVCMOS25             |       |          |      |              |          |          |
+---------------------------------------------------------------------------------------------------------------------------------------------------------+

Section 7 - RPMs
----------------

Section 8 - Guide Report
------------------------
Guide not run on this design.

Section 9 - Area Group and Partition Summary
--------------------------------------------

Partition Implementation Status
-------------------------------

  No Partitions were found in this design.

-------------------------------

Area Group Information
----------------------

  No area groups were found in this design.

----------------------

Section 10 - Timing Report
--------------------------
A logic-level (pre-route) timing report can be generated by using Xilinx static
timing analysis tools, Timing Analyzer (GUI) or TRCE (command line), with the
mapped NCD and PCF files. Please note that this timing report will be generated
using estimated delay information. For accurate numbers, please generate a
timing report with the post Place and Route NCD file.

For more information about the Timing Analyzer, consult the Xilinx Timing
Analyzer Reference Manual; for more information about TRCE, consult the Xilinx
Command Line Tools User Guide "TRACE" chapter.

Section 11 - Configuration String Details
-----------------------------------------
Use the "-detail" map option to print out Configuration Strings

Section 12 - Control Set Information
------------------------------------
Use the "-detail" map option to print out Control Set Information.

Section 13 - Utilization by Hierarchy
-------------------------------------
Use the "-detail" map option to print out the Utilization by Hierarchy section.
