Release 14.7 - ngc2edif P.20131013 (nt64)
Copyright (c) 1995-2013 Xilinx, Inc.  All rights reserved.
Reading design Neuron.ngc ...
WARNING:NetListWriters:298 - No output is written to Neuron.xncf, ignored.
Processing design ...
   Preping design's networks ...
   Preping design's macros ...
WARNING:NetListWriters:306 - Signal bus
   datapath_0/Multipler8_1_0/UMultipler8_1_0/ADDERTREE_INTERNAL_Madd10_lut<5 :
   2> on block Neuron is not reconstructed, because there are some missing bus
   signals.
WARNING:NetListWriters:306 - Signal bus
   datapath_0/Multipler8_1_0/UMultipler8_1_0/multiplier4_0/mult2_out2<3 : 0> on
   block Neuron is not reconstructed, because there are some missing bus
   signals.
  finished :Prep
Writing EDIF netlist file Neuron.edif ...
ngc2edif: Total memory usage is 76548 kilobytes

Release 14.7 - ngc2edif P.20131013 (nt64)
Copyright (c) 1995-2013 Xilinx, Inc.  All rights reserved.
Reading design Neuron.ngc ...
WARNING:NetListWriters:298 - No output is written to Neuron.xncf, ignored.
Processing design ...
   Preping design's networks ...
   Preping design's macros ...
WARNING:NetListWriters:306 - Signal bus
   datapath_0/Multipler8_1_0/UMultipler8_1_0/ADDERTREE_INTERNAL_Madd10_lut<5 :
   2> on block Neuron is not reconstructed, because there are some missing bus
   signals.
WARNING:NetListWriters:306 - Signal bus
   datapath_0/Multipler8_1_0/UMultipler8_1_0/multiplier4_0/mult2_out2<3 : 0> on
   block Neuron is not reconstructed, because there are some missing bus
   signals.
  finished :Prep
Writing EDIF netlist file Neuron.edif ...
ngc2edif: Total memory usage is 76292 kilobytes

Release 14.7 - ngc2edif P.20131013 (nt64)
Copyright (c) 1995-2013 Xilinx, Inc.  All rights reserved.
Reading design Neuron.ngc ...
WARNING:NetListWriters:298 - No output is written to Neuron.xncf, ignored.
Processing design ...
   Preping design's networks ...
   Preping design's macros ...
WARNING:NetListWriters:306 - Signal bus
   datapath_0/Multipler8_1_0/UMultipler8_1_0/ADDERTREE_INTERNAL_Madd10_lut<5 :
   2> on block Neuron is not reconstructed, because there are some missing bus
   signals.
WARNING:NetListWriters:306 - Signal bus
   datapath_0/Multipler8_1_0/UMultipler8_1_0/multiplier4_0/mult2_out2<3 : 0> on
   block Neuron is not reconstructed, because there are some missing bus
   signals.
  finished :Prep
Writing EDIF netlist file Neuron.edif ...
ngc2edif: Total memory usage is 76292 kilobytes

