#-----------------------------------------------------------
# PlanAhead v14.7 (64-bit)
# Build 321239 by xbuild on Fri Sep 27 19:29:51 MDT 2013
# Start of session at: Wed Dec 23 21:53:30 2020
# Process ID: 5712
# Log file: F:/amin/CAD99_810197464_810197640_PRJ1/CAD99_810197464_810197640_PRJ1/planAhead_run_1/planAhead.log
# Journal file: F:/amin/CAD99_810197464_810197640_PRJ1/CAD99_810197464_810197640_PRJ1/planAhead_run_1/planAhead.jou
#-----------------------------------------------------------
INFO: [Common 17-78] Attempting to get a license: PlanAhead
INFO: [Common 17-290] Got license for PlanAhead
INFO: [Device 21-36] Loading parts and site information from F:/xlnx/14.7/ISE_DS/PlanAhead/data/parts/arch.xml
Parsing RTL primitives file [F:/xlnx/14.7/ISE_DS/PlanAhead/data/parts/xilinx/rtl/prims/rtl_prims.xml]
Finished parsing RTL primitives file [F:/xlnx/14.7/ISE_DS/PlanAhead/data/parts/xilinx/rtl/prims/rtl_prims.xml]
start_gui
source F:/amin/CAD99_810197464_810197640_PRJ1/CAD99_810197464_810197640_PRJ1/pa.fromNcd.tcl
# create_project -name CAD99_810197464_810197640_PRJ1 -dir "F:/amin/CAD99_810197464_810197640_PRJ1/CAD99_810197464_810197640_PRJ1/planAhead_run_1" -part xa7a100tcsg324-2I
create_project: Time (s): elapsed = 00:00:05 . Memory (MB): peak = 458.223 ; gain = 66.605
# set srcset [get_property srcset [current_run -impl]]
# set_property design_mode GateLvl $srcset
# set_property edif_top_file "F:/amin/CAD99_810197464_810197640_PRJ1/CAD99_810197464_810197640_PRJ1/Neuron.ngc" [ get_property srcset [ current_run ] ]
# add_files -norecurse { {F:/amin/CAD99_810197464_810197640_PRJ1/CAD99_810197464_810197640_PRJ1} {ipcore_dir} }
# add_files [list {ipcore_dir/Multiplier8_2.ncf}] -fileset [get_property constrset [current_run]]
# set_property target_constrs_file "Neuron.ucf" [current_fileset -constrset]
Adding file 'F:/amin/CAD99_810197464_810197640_PRJ1/CAD99_810197464_810197640_PRJ1/Neuron.ucf' to fileset 'constrs_1'
# add_files [list {Neuron.ucf}] -fileset [get_property constrset [current_run]]
# link_design
Design is defaulting to srcset: sources_1
Design is defaulting to constrset: constrs_1
Design is defaulting to project part: xa7a100tcsg324-2I
Release 14.7 - ngc2edif P.20131013 (nt64)
Copyright (c) 1995-2013 Xilinx, Inc.  All rights reserved.
Reading design Neuron.ngc ...
WARNING:NetListWriters:298 - No output is written to Neuron.xncf, ignored.
Processing design ...
   Preping design's networks ...
   Preping design's macros ...
WARNING:NetListWriters:306 - Signal bus
   datapath_0/Multipler8_1_0/UMultipler8_1_0/ADDERTREE_INTERNAL_Madd10_lut<5 :
   2> on block Neuron is not reconstructed, because there are some missing bus
   signals.
WARNING:NetListWriters:306 - Signal bus
   datapath_0/Multipler8_1_0/UMultipler8_1_0/multiplier4_0/mult2_out2<3 : 0> on
   block Neuron is not reconstructed, because there are some missing bus
   signals.
  finished :Prep
Writing EDIF netlist file Neuron.edif ...
ngc2edif: Total memory usage is 76548 kilobytes

Parsing EDIF File [./planAhead_run_1/CAD99_810197464_810197640_PRJ1.data/cache/Neuron_ngc_zx.edif]
Finished Parsing EDIF File [./planAhead_run_1/CAD99_810197464_810197640_PRJ1.data/cache/Neuron_ngc_zx.edif]
INFO: [Netlist 29-17] Analyzing 24 Unisim elements for replacement
INFO: [Netlist 29-28] Unisim Transformation completed in 0 CPU seconds
Loading clock regions from F:/xlnx/14.7/ISE_DS/PlanAhead/data\parts/xilinx/artix7/aartix7/xa7a100t/ClockRegion.xml
Loading clock buffers from F:/xlnx/14.7/ISE_DS/PlanAhead/data\parts/xilinx/artix7/aartix7/xa7a100t/ClockBuffers.xml
Loading clock placement rules from F:/xlnx/14.7/ISE_DS/PlanAhead/data/parts/xilinx/artix7/ClockPlacerRules.xml
Loading package pin functions from F:/xlnx/14.7/ISE_DS/PlanAhead/data\parts/xilinx/artix7/PinFunctions.xml...
Loading package from F:/xlnx/14.7/ISE_DS/PlanAhead/data\parts/xilinx/artix7/aartix7/xa7a100t/csg324/Package.xml
Loading io standards from F:/xlnx/14.7/ISE_DS/PlanAhead/data\./parts/xilinx/artix7/IOStandards.xml
Loading device configuration modes from F:/xlnx/14.7/ISE_DS/PlanAhead/data\parts/xilinx/artix7/ConfigModes.xml
Loading list of drcs for the architecture : F:/xlnx/14.7/ISE_DS/PlanAhead/data\./parts/xilinx/artix7/drc.xml
Parsing UCF File [F:/amin/CAD99_810197464_810197640_PRJ1/CAD99_810197464_810197640_PRJ1/Neuron.ucf]
Finished Parsing UCF File [F:/amin/CAD99_810197464_810197640_PRJ1/CAD99_810197464_810197640_PRJ1/Neuron.ucf]
INFO: [Project 1-111] Unisim Transformation Summary:
  A total of 24 instances were transformed.
  BUFGP => BUFGP (IBUF, BUFG): 1 instances
  FDC => FDCE: 3 instances
  FDP => FDPE: 1 instances
  LD => LDCE: 1 instances
  LDC => LDCE: 18 instances

Phase 0 | Netlist Checksum: db28f315
link_design: Time (s): elapsed = 00:00:31 . Memory (MB): peak = 778.531 ; gain = 316.352
# read_xdl -file "F:/amin/CAD99_810197464_810197640_PRJ1/CAD99_810197464_810197640_PRJ1/Neuron.ncd"
Release 14.7 - xdl P.20131013 (nt64)
Copyright (c) 1995-2013 Xilinx, Inc.  All rights reserved.

WARNING:XDL:213 - The resulting xdl output will not have LUT equation strings or RAM INIT strings.
ERROR:Portability:74 - ************************************************
   Port_Compress::UnCompress() : (Z_DATA_ERROR) input data was corrupted.
ERROR:XDL:130 - 
     Can't process Ncd file <F:\amin\CAD99_810197464_810197640_PRJ1\CAD99_810197464_810197640_PRJ1\Neuron.ncd>.
Failed to convert design 'F:\amin\CAD99_810197464_810197640_PRJ1\CAD99_810197464_810197640_PRJ1\Neuron.ncd' to 'F:\amin\CAD99_810197464_810197640_PRJ1\CAD99_810197464_810197640_PRJ1\Neuron.xdl'.
WARNING: [Designutils 20-650] Cannot convert ncd files: 'xdl -ncd2xdl -nopips -secure "F:/amin/CAD99_810197464_810197640_PRJ1/CAD99_810197464_810197640_PRJ1/Neuron.ncd" "F:/amin/CAD99_810197464_810197640_PRJ1/CAD99_810197464_810197640_PRJ1/Neuron.xdl"' command failed [F:/amin/CAD99_810197464_810197640_PRJ1/CAD99_810197464_810197640_PRJ1/Neuron.ncd]
read_xdl: Time (s): elapsed = 00:00:07 . Memory (MB): peak = 784.203 ; gain = 5.672
# if {[catch {read_twx -name results_1 -file "F:/amin/CAD99_810197464_810197640_PRJ1/CAD99_810197464_810197640_PRJ1/Neuron.twx"} eInfo]} {
#    puts "WARNING: there was a problem importing \"F:/amin/CAD99_810197464_810197640_PRJ1/CAD99_810197464_810197640_PRJ1/Neuron.twx\": $eInfo"
# }
exit
ERROR: [PlanAhead 12-106] *** Exception: ui.h.b: Found deleted key in HTclEventBroker. Verify if the classes listed here call cleanup()
HTclEvent: DEBUG_CORE_CONFIG_CHANGE   Classes: ui.views.aR 
HTclEvent: SIGNAL_MODIFY   Classes: ui.views.aR 
HTclEvent: DEBUG_PORT_CONFIG_CHANGE   Classes: ui.views.aR 
HTclEvent: SIGNAL_BUS_MODIFY   Classes: ui.views.aR 
 (See F:/amin/CAD99_810197464_810197640_PRJ1/CAD99_810197464_810197640_PRJ1\planAhead_pid5712.debug)
ERROR: [Common 17-39] 'stop_gui' failed due to earlier errors.
INFO: [Common 17-206] Exiting PlanAhead at Wed Dec 23 22:35:19 2020...
INFO: [Common 17-83] Releasing license: PlanAhead
